2022-12-17 23:49:08 INFO  HomePage :50 - click On LoginLink [[ChromeDriver: chrome on WINDOWS (b6a002ab938e840d932de926dab9264d)] -> link text: Log in]
2022-12-17 23:49:09 INFO  LoginPage :43 - get WelcomeText [[ChromeDriver: chrome on WINDOWS (b6a002ab938e840d932de926dab9264d)] -> xpath: //h1[contains(text(),'Welcome, Please Sign In!')]]
2022-12-18 00:43:32 INFO  HomePage :50 - click On LoginLink [[ChromeDriver: chrome on WINDOWS (6059b17de68a0ad6d3fe5f1f3d1c10b0)] -> link text: Log in]
2022-12-18 00:43:32 INFO  LoginPage :43 - get WelcomeText [[ChromeDriver: chrome on WINDOWS (6059b17de68a0ad6d3fe5f1f3d1c10b0)] -> xpath: //h1[contains(text(),'Welcome, Please Sign In!')]]
2022-12-18 00:43:37 INFO  HomePage :50 - click On LoginLink [[ChromeDriver: chrome on WINDOWS (1636a57f2369a97b5d071dd37324d6f2)] -> link text: Log in]
2022-12-18 00:43:37 INFO  LoginPage :49 - enter EmailId [[ChromeDriver: chrome on WINDOWS (1636a57f2369a97b5d071dd37324d6f2)] -> id: Email]
2022-12-18 00:43:37 INFO  LoginPage :55 - enter Password [[ChromeDriver: chrome on WINDOWS (1636a57f2369a97b5d071dd37324d6f2)] -> name: Password]
2022-12-18 00:43:37 INFO  LoginPage :60 - click On LoginButton [[ChromeDriver: chrome on WINDOWS (1636a57f2369a97b5d071dd37324d6f2)] -> xpath: //button[contains(text(),'Log in')]]
2022-12-18 00:43:37 INFO  LoginPage :66 - get ErrorMessage [[ChromeDriver: chrome on WINDOWS (1636a57f2369a97b5d071dd37324d6f2)] -> xpath: //div[@class='message-error validation-summary-errors']]
2022-12-18 00:43:41 INFO  HomePage :50 - click On LoginLink [[ChromeDriver: chrome on WINDOWS (aa1d778198f2c2cde5c19718fed7cdbd)] -> link text: Log in]
2022-12-18 00:43:41 INFO  LoginPage :49 - enter EmailId [[ChromeDriver: chrome on WINDOWS (aa1d778198f2c2cde5c19718fed7cdbd)] -> id: Email]
2022-12-18 00:43:42 INFO  LoginPage :55 - enter Password [[ChromeDriver: chrome on WINDOWS (aa1d778198f2c2cde5c19718fed7cdbd)] -> name: Password]
2022-12-18 00:43:42 INFO  LoginPage :60 - click On LoginButton [[ChromeDriver: chrome on WINDOWS (aa1d778198f2c2cde5c19718fed7cdbd)] -> xpath: //button[contains(text(),'Log in')]]
2022-12-18 00:44:07 INFO  HomePage :50 - click On LoginLink [[ChromeDriver: chrome on WINDOWS (1e388cb6bdf24495727eb2e659750ac9)] -> link text: Log in]
2022-12-18 00:44:07 INFO  LoginPage :49 - enter EmailId [[ChromeDriver: chrome on WINDOWS (1e388cb6bdf24495727eb2e659750ac9)] -> id: Email]
2022-12-18 00:44:07 INFO  LoginPage :55 - enter Password [[ChromeDriver: chrome on WINDOWS (1e388cb6bdf24495727eb2e659750ac9)] -> name: Password]
2022-12-18 00:44:07 INFO  LoginPage :60 - click On LoginButton [[ChromeDriver: chrome on WINDOWS (1e388cb6bdf24495727eb2e659750ac9)] -> xpath: //button[contains(text(),'Log in')]]
2022-12-18 09:47:23 INFO  HomePage :50 - click On LoginLink [[ChromeDriver: chrome on WINDOWS (d4f3e7593c8a5004c1371727998677f2)] -> link text: Log in]
2022-12-18 09:47:23 INFO  LoginPage :43 - get WelcomeText [[ChromeDriver: chrome on WINDOWS (d4f3e7593c8a5004c1371727998677f2)] -> xpath: //h1[contains(text(),'Welcome, Please Sign In!')]]
2022-12-18 09:47:27 INFO  HomePage :50 - click On LoginLink [[ChromeDriver: chrome on WINDOWS (f2089c2aede7997ca6bb15ea2a2d6d5b)] -> link text: Log in]
2022-12-18 09:47:28 INFO  LoginPage :49 - enter EmailId [[ChromeDriver: chrome on WINDOWS (f2089c2aede7997ca6bb15ea2a2d6d5b)] -> id: Email]
2022-12-18 09:47:28 INFO  LoginPage :55 - enter Password [[ChromeDriver: chrome on WINDOWS (f2089c2aede7997ca6bb15ea2a2d6d5b)] -> name: Password]
2022-12-18 09:47:28 INFO  LoginPage :60 - click On LoginButton [[ChromeDriver: chrome on WINDOWS (f2089c2aede7997ca6bb15ea2a2d6d5b)] -> xpath: //button[contains(text(),'Log in')]]
2022-12-18 09:47:28 INFO  LoginPage :66 - get ErrorMessage [[ChromeDriver: chrome on WINDOWS (f2089c2aede7997ca6bb15ea2a2d6d5b)] -> xpath: //div[@class='message-error validation-summary-errors']]
2022-12-18 09:47:34 INFO  HomePage :50 - click On LoginLink [[ChromeDriver: chrome on WINDOWS (4466781db8c65c2fe6ebe9bd5776de89)] -> link text: Log in]
2022-12-18 09:47:34 INFO  LoginPage :49 - enter EmailId [[ChromeDriver: chrome on WINDOWS (4466781db8c65c2fe6ebe9bd5776de89)] -> id: Email]
2022-12-18 09:47:34 INFO  LoginPage :55 - enter Password [[ChromeDriver: chrome on WINDOWS (4466781db8c65c2fe6ebe9bd5776de89)] -> name: Password]
2022-12-18 09:47:34 INFO  LoginPage :60 - click On LoginButton [[ChromeDriver: chrome on WINDOWS (4466781db8c65c2fe6ebe9bd5776de89)] -> xpath: //button[contains(text(),'Log in')]]
2022-12-18 09:47:59 INFO  HomePage :50 - click On LoginLink [[ChromeDriver: chrome on WINDOWS (3da8c64ade0e5fedb48f1e6bab62fbd9)] -> link text: Log in]
2022-12-18 09:48:00 INFO  LoginPage :49 - enter EmailId [[ChromeDriver: chrome on WINDOWS (3da8c64ade0e5fedb48f1e6bab62fbd9)] -> id: Email]
2022-12-18 09:48:00 INFO  LoginPage :55 - enter Password [[ChromeDriver: chrome on WINDOWS (3da8c64ade0e5fedb48f1e6bab62fbd9)] -> name: Password]
2022-12-18 09:48:00 INFO  LoginPage :60 - click On LoginButton [[ChromeDriver: chrome on WINDOWS (3da8c64ade0e5fedb48f1e6bab62fbd9)] -> xpath: //button[contains(text(),'Log in')]]
2022-12-18 09:57:37 INFO  HomePage :50 - click On LoginLink [[ChromeDriver: chrome on WINDOWS (2260009710c926a5095a96aa3cd11418)] -> link text: Log in]
2022-12-18 09:57:37 INFO  LoginPage :49 - enter EmailId [[ChromeDriver: chrome on WINDOWS (2260009710c926a5095a96aa3cd11418)] -> id: Email]
2022-12-18 09:57:37 INFO  LoginPage :55 - enter Password [[ChromeDriver: chrome on WINDOWS (2260009710c926a5095a96aa3cd11418)] -> name: Password]
2022-12-18 09:57:38 INFO  LoginPage :60 - click On LoginButton [[ChromeDriver: chrome on WINDOWS (2260009710c926a5095a96aa3cd11418)] -> xpath: //button[contains(text(),'Log in')]]
2022-12-18 09:57:38 INFO  LoginPage :66 - get ErrorMessage [[ChromeDriver: chrome on WINDOWS (2260009710c926a5095a96aa3cd11418)] -> xpath: //div[@class='message-error validation-summary-errors']]
2022-12-18 09:57:43 INFO  HomePage :50 - click On LoginLink [[ChromeDriver: chrome on WINDOWS (9a818ea7aec7f90a719f07882ff3741f)] -> link text: Log in]
2022-12-18 09:57:43 INFO  LoginPage :49 - enter EmailId [[ChromeDriver: chrome on WINDOWS (9a818ea7aec7f90a719f07882ff3741f)] -> id: Email]
2022-12-18 09:57:43 INFO  LoginPage :55 - enter Password [[ChromeDriver: chrome on WINDOWS (9a818ea7aec7f90a719f07882ff3741f)] -> name: Password]
2022-12-18 09:57:43 INFO  LoginPage :60 - click On LoginButton [[ChromeDriver: chrome on WINDOWS (9a818ea7aec7f90a719f07882ff3741f)] -> xpath: //button[contains(text(),'Log in')]]
2022-12-18 09:58:09 INFO  HomePage :50 - click On LoginLink [[ChromeDriver: chrome on WINDOWS (b27060249eecd9a20d8d407c911c8701)] -> link text: Log in]
2022-12-18 09:58:09 INFO  LoginPage :49 - enter EmailId [[ChromeDriver: chrome on WINDOWS (b27060249eecd9a20d8d407c911c8701)] -> id: Email]
2022-12-18 09:58:09 INFO  LoginPage :55 - enter Password [[ChromeDriver: chrome on WINDOWS (b27060249eecd9a20d8d407c911c8701)] -> name: Password]
2022-12-18 09:58:10 INFO  LoginPage :60 - click On LoginButton [[ChromeDriver: chrome on WINDOWS (b27060249eecd9a20d8d407c911c8701)] -> xpath: //button[contains(text(),'Log in')]]
2022-12-18 14:09:21 INFO  HomePage :50 - click On LoginLink [[ChromeDriver: chrome on WINDOWS (a682fd76a72f0033edb25314a80f85eb)] -> link text: Log in]
2022-12-18 14:09:21 INFO  LoginPage :43 - get WelcomeText [[ChromeDriver: chrome on WINDOWS (a682fd76a72f0033edb25314a80f85eb)] -> xpath: //h1[contains(text(),'Welcome, Please Sign In!')]]
2022-12-18 14:09:25 INFO  HomePage :50 - click On LoginLink [[ChromeDriver: chrome on WINDOWS (2633152cfa0e2ca65f9726ee711bb98c)] -> link text: Log in]
2022-12-18 14:09:26 INFO  LoginPage :49 - enter EmailId [[ChromeDriver: chrome on WINDOWS (2633152cfa0e2ca65f9726ee711bb98c)] -> id: Email]
2022-12-18 14:09:26 INFO  LoginPage :55 - enter Password [[ChromeDriver: chrome on WINDOWS (2633152cfa0e2ca65f9726ee711bb98c)] -> name: Password]
2022-12-18 14:09:26 INFO  LoginPage :60 - click On LoginButton [[ChromeDriver: chrome on WINDOWS (2633152cfa0e2ca65f9726ee711bb98c)] -> xpath: //button[contains(text(),'Log in')]]
2022-12-18 14:09:26 INFO  LoginPage :66 - get ErrorMessage [[ChromeDriver: chrome on WINDOWS (2633152cfa0e2ca65f9726ee711bb98c)] -> xpath: //div[@class='message-error validation-summary-errors']]
2022-12-18 14:09:30 INFO  HomePage :50 - click On LoginLink [[ChromeDriver: chrome on WINDOWS (ee59b867be6266c5f907e551c6c7bae2)] -> link text: Log in]
2022-12-18 14:09:30 INFO  LoginPage :49 - enter EmailId [[ChromeDriver: chrome on WINDOWS (ee59b867be6266c5f907e551c6c7bae2)] -> id: Email]
2022-12-18 14:09:30 INFO  LoginPage :55 - enter Password [[ChromeDriver: chrome on WINDOWS (ee59b867be6266c5f907e551c6c7bae2)] -> name: Password]
2022-12-18 14:09:31 INFO  LoginPage :60 - click On LoginButton [[ChromeDriver: chrome on WINDOWS (ee59b867be6266c5f907e551c6c7bae2)] -> xpath: //button[contains(text(),'Log in')]]
2022-12-18 14:09:56 INFO  HomePage :50 - click On LoginLink [[ChromeDriver: chrome on WINDOWS (cadaf5a4046098b256a80bfcc955b98e)] -> link text: Log in]
2022-12-18 14:09:56 INFO  LoginPage :49 - enter EmailId [[ChromeDriver: chrome on WINDOWS (cadaf5a4046098b256a80bfcc955b98e)] -> id: Email]
2022-12-18 14:09:56 INFO  LoginPage :55 - enter Password [[ChromeDriver: chrome on WINDOWS (cadaf5a4046098b256a80bfcc955b98e)] -> name: Password]
2022-12-18 14:09:57 INFO  LoginPage :60 - click On LoginButton [[ChromeDriver: chrome on WINDOWS (cadaf5a4046098b256a80bfcc955b98e)] -> xpath: //button[contains(text(),'Log in')]]
2022-12-18 14:10:21 INFO  HomePage :61 - click On RegisterLink [[ChromeDriver: chrome on WINDOWS (c12161552c1bb39ddfb19e8ce9d4790c)] -> link text: Register]
2022-12-18 14:10:21 INFO  RegisterPage :83 - get Register Text [[ChromeDriver: chrome on WINDOWS (c12161552c1bb39ddfb19e8ce9d4790c)] -> css selector: div[class='page-title'] h1]
2022-12-18 14:10:26 INFO  HomePage :61 - click On RegisterLink [[ChromeDriver: chrome on WINDOWS (0f189bb4d36f8ffafc1b018dbf4a923d)] -> link text: Register]
2022-12-18 14:10:27 INFO  RegisterPage :135 - click On RegisterButton [[ChromeDriver: chrome on WINDOWS (0f189bb4d36f8ffafc1b018dbf4a923d)] -> css selector: #register-button]
2022-12-18 14:10:27 INFO  RegisterPage :143 - get Validation ErrorMessageForField [[[ChromeDriver: chrome on WINDOWS (0f189bb4d36f8ffafc1b018dbf4a923d)] -> class name: field-validation-error], [[ChromeDriver: chrome on WINDOWS (0f189bb4d36f8ffafc1b018dbf4a923d)] -> class name: field-validation-error], [[ChromeDriver: chrome on WINDOWS (0f189bb4d36f8ffafc1b018dbf4a923d)] -> class name: field-validation-error], [[ChromeDriver: chrome on WINDOWS (0f189bb4d36f8ffafc1b018dbf4a923d)] -> class name: field-validation-error], [[ChromeDriver: chrome on WINDOWS (0f189bb4d36f8ffafc1b018dbf4a923d)] -> class name: field-validation-error]]
2022-12-18 14:10:31 INFO  HomePage :61 - click On RegisterLink [[ChromeDriver: chrome on WINDOWS (b4bf5494bbde96cfcc09d0ac06a9152f)] -> link text: Register]
2022-12-18 14:10:32 INFO  RegisterPage :91 - Select Gender [[ChromeDriver: chrome on WINDOWS (b4bf5494bbde96cfcc09d0ac06a9152f)] -> xpath: //div[@id='gender']//label]
2022-12-18 14:10:32 INFO  RegisterPage :99 - Enter FirstName [[ChromeDriver: chrome on WINDOWS (b4bf5494bbde96cfcc09d0ac06a9152f)] -> id: FirstName]
2022-12-18 14:10:32 INFO  RegisterPage :105 - Enter LastName [[ChromeDriver: chrome on WINDOWS (b4bf5494bbde96cfcc09d0ac06a9152f)] -> id: LastName]
2022-12-18 20:21:18 INFO  HomePage :91 - click On MenuTab [[ChromeDriver: chrome on WINDOWS (84e0472ac79d664da3efbbb485651405)] -> xpath: //div[@class='header-menu']/child::ul[1]/li/a]
2022-12-18 20:21:18 INFO  ComputerPage :34 - Get PageTitle Text[[ChromeDriver: chrome on WINDOWS (84e0472ac79d664da3efbbb485651405)] -> css selector: div[class='page-title'] h1]
2022-12-18 20:21:23 INFO  HomePage :91 - click On MenuTab [[ChromeDriver: chrome on WINDOWS (e281cbc5ddf1603d7b51981db5d2c6fd)] -> xpath: //div[@class='header-menu']/child::ul[1]/li/a]
2022-12-18 20:21:23 INFO  ComputerPage :42 - click On SubMenu [[ChromeDriver: chrome on WINDOWS (e281cbc5ddf1603d7b51981db5d2c6fd)] -> xpath: //div[@class='category-grid sub-category-grid']//h2/a]
2022-12-18 20:21:23 INFO  DesktopsPage :44 - Get PageTitle Text [[ChromeDriver: chrome on WINDOWS (e281cbc5ddf1603d7b51981db5d2c6fd)] -> css selector: div[class='page-title'] h1]
2022-12-18 20:21:28 INFO  HomePage :91 - click On MenuTab [[ChromeDriver: chrome on WINDOWS (3f0c6fb9a45d5449858ed3b1e934ab38)] -> xpath: //div[@class='header-menu']/child::ul[1]/li/a]
2022-12-18 20:21:28 INFO  ComputerPage :42 - click On SubMenu [[ChromeDriver: chrome on WINDOWS (3f0c6fb9a45d5449858ed3b1e934ab38)] -> xpath: //div[@class='category-grid sub-category-grid']//h2/a]
2022-12-18 20:21:29 INFO  DesktopsPage :64 - select Product [[ChromeDriver: chrome on WINDOWS (3f0c6fb9a45d5449858ed3b1e934ab38)] -> xpath: //div[@class='products-container']//h2/a]
2022-12-18 20:21:29 INFO  BuildYourOwnComputerPage :107 - click On AddToCart Button [[ChromeDriver: chrome on WINDOWS (3f0c6fb9a45d5449858ed3b1e934ab38)] -> xpath: //button[@id='add-to-cart-button-1']]
2022-12-18 20:21:29 INFO  BuildYourOwnComputerPage :113 - Get ProductAdded Message [[ChromeDriver: chrome on WINDOWS (3f0c6fb9a45d5449858ed3b1e934ab38)] -> xpath: //p[@class='content']]
2022-12-18 20:21:34 INFO  HomePage :50 - click On LoginLink [[ChromeDriver: chrome on WINDOWS (04c6f166cf2222e2a77b306779b9baff)] -> link text: Log in]
2022-12-18 20:21:34 INFO  LoginPage :43 - get WelcomeText [[ChromeDriver: chrome on WINDOWS (04c6f166cf2222e2a77b306779b9baff)] -> xpath: //h1[contains(text(),'Welcome, Please Sign In!')]]
2022-12-18 20:21:39 INFO  HomePage :50 - click On LoginLink [[ChromeDriver: chrome on WINDOWS (59d57559f0b1023c755f94059a9047fc)] -> link text: Log in]
2022-12-18 20:21:39 INFO  LoginPage :49 - enter EmailId [[ChromeDriver: chrome on WINDOWS (59d57559f0b1023c755f94059a9047fc)] -> id: Email]
2022-12-18 20:21:39 INFO  LoginPage :55 - enter Password [[ChromeDriver: chrome on WINDOWS (59d57559f0b1023c755f94059a9047fc)] -> name: Password]
2022-12-18 20:21:39 INFO  LoginPage :60 - click On LoginButton [[ChromeDriver: chrome on WINDOWS (59d57559f0b1023c755f94059a9047fc)] -> xpath: //button[contains(text(),'Log in')]]
2022-12-18 20:21:39 INFO  LoginPage :66 - get ErrorMessage [[ChromeDriver: chrome on WINDOWS (59d57559f0b1023c755f94059a9047fc)] -> xpath: //div[@class='message-error validation-summary-errors']]
2022-12-18 20:21:43 INFO  HomePage :50 - click On LoginLink [[ChromeDriver: chrome on WINDOWS (038e108e728c7d438ae3175fd3be20cd)] -> link text: Log in]
2022-12-18 20:21:43 INFO  LoginPage :49 - enter EmailId [[ChromeDriver: chrome on WINDOWS (038e108e728c7d438ae3175fd3be20cd)] -> id: Email]
2022-12-18 20:21:44 INFO  LoginPage :55 - enter Password [[ChromeDriver: chrome on WINDOWS (038e108e728c7d438ae3175fd3be20cd)] -> name: Password]
2022-12-18 20:21:44 INFO  LoginPage :60 - click On LoginButton [[ChromeDriver: chrome on WINDOWS (038e108e728c7d438ae3175fd3be20cd)] -> xpath: //button[contains(text(),'Log in')]]
2022-12-18 20:22:08 INFO  HomePage :50 - click On LoginLink [[ChromeDriver: chrome on WINDOWS (56ef6da8465644f35245908321a70658)] -> link text: Log in]
2022-12-18 20:22:08 INFO  LoginPage :49 - enter EmailId [[ChromeDriver: chrome on WINDOWS (56ef6da8465644f35245908321a70658)] -> id: Email]
2022-12-18 20:22:08 INFO  LoginPage :55 - enter Password [[ChromeDriver: chrome on WINDOWS (56ef6da8465644f35245908321a70658)] -> name: Password]
2022-12-18 20:22:09 INFO  LoginPage :60 - click On LoginButton [[ChromeDriver: chrome on WINDOWS (56ef6da8465644f35245908321a70658)] -> xpath: //button[contains(text(),'Log in')]]
2022-12-18 20:22:33 INFO  HomePage :61 - click On RegisterLink [[ChromeDriver: chrome on WINDOWS (a9f9250427e4ca55e534c1ed06b2b82d)] -> link text: Register]
2022-12-18 20:22:33 INFO  RegisterPage :83 - get Register Text [[ChromeDriver: chrome on WINDOWS (a9f9250427e4ca55e534c1ed06b2b82d)] -> css selector: div[class='page-title'] h1]
2022-12-18 20:22:38 INFO  HomePage :61 - click On RegisterLink [[ChromeDriver: chrome on WINDOWS (722fcb807321c42efc7085d7f1ff2cf3)] -> link text: Register]
2022-12-18 20:22:38 INFO  RegisterPage :135 - click On RegisterButton [[ChromeDriver: chrome on WINDOWS (722fcb807321c42efc7085d7f1ff2cf3)] -> css selector: #register-button]
2022-12-18 20:22:38 INFO  RegisterPage :143 - get Validation ErrorMessageForField [[[ChromeDriver: chrome on WINDOWS (722fcb807321c42efc7085d7f1ff2cf3)] -> class name: field-validation-error], [[ChromeDriver: chrome on WINDOWS (722fcb807321c42efc7085d7f1ff2cf3)] -> class name: field-validation-error], [[ChromeDriver: chrome on WINDOWS (722fcb807321c42efc7085d7f1ff2cf3)] -> class name: field-validation-error], [[ChromeDriver: chrome on WINDOWS (722fcb807321c42efc7085d7f1ff2cf3)] -> class name: field-validation-error], [[ChromeDriver: chrome on WINDOWS (722fcb807321c42efc7085d7f1ff2cf3)] -> class name: field-validation-error]]
2022-12-18 20:22:42 INFO  HomePage :61 - click On RegisterLink [[ChromeDriver: chrome on WINDOWS (98589290ec7de6187d0f988f01284bc9)] -> link text: Register]
2022-12-18 20:22:42 INFO  RegisterPage :91 - Select Gender [[ChromeDriver: chrome on WINDOWS (98589290ec7de6187d0f988f01284bc9)] -> xpath: //div[@id='gender']//label]
2022-12-18 20:22:42 INFO  RegisterPage :99 - Enter FirstName [[ChromeDriver: chrome on WINDOWS (98589290ec7de6187d0f988f01284bc9)] -> id: FirstName]
2022-12-18 20:22:42 INFO  RegisterPage :105 - Enter LastName [[ChromeDriver: chrome on WINDOWS (98589290ec7de6187d0f988f01284bc9)] -> id: LastName]
2022-12-18 20:22:43 INFO  RegisterPage :113 - select DateOfBirth [[ChromeDriver: chrome on WINDOWS (98589290ec7de6187d0f988f01284bc9)] -> name: DateOfBirthDay]
2022-12-18 20:22:43 INFO  LoginPage :49 - enter EmailId [[ChromeDriver: chrome on WINDOWS (98589290ec7de6187d0f988f01284bc9)] -> id: Email]
2022-12-18 20:22:43 INFO  RegisterPage :124 - Enter Password [[ChromeDriver: chrome on WINDOWS (98589290ec7de6187d0f988f01284bc9)] -> id: Password]
2022-12-18 20:22:43 INFO  RegisterPage :130 - enter Confirm Password [[ChromeDriver: chrome on WINDOWS (98589290ec7de6187d0f988f01284bc9)] -> id: ConfirmPassword]
2022-12-18 20:22:44 INFO  RegisterPage :135 - click On RegisterButton [[ChromeDriver: chrome on WINDOWS (98589290ec7de6187d0f988f01284bc9)] -> css selector: #register-button]
2022-12-18 20:22:44 INFO  RegisterPage :152 - Get Your RegCompletedText [[ChromeDriver: chrome on WINDOWS (98589290ec7de6187d0f988f01284bc9)] -> css selector: .result]
2022-12-18 21:05:49 INFO  HomePage :91 - click On MenuTab [[ChromeDriver: chrome on WINDOWS (9de95e6baf1fad690a3b94916e084246)] -> xpath: //div[@class='header-menu']/child::ul[1]/li/a]
2022-12-18 21:05:49 INFO  ComputerPage :34 - Get PageTitle Text[[ChromeDriver: chrome on WINDOWS (9de95e6baf1fad690a3b94916e084246)] -> css selector: div[class='page-title'] h1]
2022-12-18 21:05:54 INFO  HomePage :91 - click On MenuTab [[ChromeDriver: chrome on WINDOWS (4bda0f277062b7ea5a2385bddd15ae11)] -> xpath: //div[@class='header-menu']/child::ul[1]/li/a]
2022-12-18 21:05:54 INFO  ComputerPage :42 - click On SubMenu [[ChromeDriver: chrome on WINDOWS (4bda0f277062b7ea5a2385bddd15ae11)] -> xpath: //div[@class='category-grid sub-category-grid']//h2/a]
2022-12-18 21:05:54 INFO  DesktopsPage :44 - Get PageTitle Text [[ChromeDriver: chrome on WINDOWS (4bda0f277062b7ea5a2385bddd15ae11)] -> css selector: div[class='page-title'] h1]
2022-12-18 21:05:59 INFO  HomePage :91 - click On MenuTab [[ChromeDriver: chrome on WINDOWS (f620fdc86ab96d670e120c39572b3aa6)] -> xpath: //div[@class='header-menu']/child::ul[1]/li/a]
2022-12-18 21:05:59 INFO  ComputerPage :42 - click On SubMenu [[ChromeDriver: chrome on WINDOWS (f620fdc86ab96d670e120c39572b3aa6)] -> xpath: //div[@class='category-grid sub-category-grid']//h2/a]
2022-12-18 21:06:00 INFO  DesktopsPage :64 - select Product [[ChromeDriver: chrome on WINDOWS (f620fdc86ab96d670e120c39572b3aa6)] -> xpath: //div[@class='products-container']//h2/a]
2022-12-18 21:06:00 INFO  BuildYourOwnComputerPage :107 - click On AddToCart Button [[ChromeDriver: chrome on WINDOWS (f620fdc86ab96d670e120c39572b3aa6)] -> xpath: //button[@id='add-to-cart-button-1']]
2022-12-18 21:06:00 INFO  BuildYourOwnComputerPage :113 - Get ProductAdded Message [[ChromeDriver: chrome on WINDOWS (f620fdc86ab96d670e120c39572b3aa6)] -> xpath: //p[@class='content']]
2022-12-18 21:06:04 INFO  HomePage :50 - click On LoginLink [[ChromeDriver: chrome on WINDOWS (0ee1832106696ec683071f196920ee9b)] -> link text: Log in]
2022-12-18 21:06:04 INFO  LoginPage :43 - get WelcomeText [[ChromeDriver: chrome on WINDOWS (0ee1832106696ec683071f196920ee9b)] -> xpath: //h1[contains(text(),'Welcome, Please Sign In!')]]
2022-12-18 21:06:08 INFO  HomePage :50 - click On LoginLink [[ChromeDriver: chrome on WINDOWS (174b32f5d5004f24f4137e072a4d4a9a)] -> link text: Log in]
2022-12-18 21:06:08 INFO  LoginPage :49 - enter EmailId [[ChromeDriver: chrome on WINDOWS (174b32f5d5004f24f4137e072a4d4a9a)] -> id: Email]
2022-12-18 21:06:08 INFO  LoginPage :55 - enter Password [[ChromeDriver: chrome on WINDOWS (174b32f5d5004f24f4137e072a4d4a9a)] -> name: Password]
2022-12-18 21:06:08 INFO  LoginPage :60 - click On LoginButton [[ChromeDriver: chrome on WINDOWS (174b32f5d5004f24f4137e072a4d4a9a)] -> xpath: //button[contains(text(),'Log in')]]
2022-12-18 21:06:08 INFO  LoginPage :66 - get ErrorMessage [[ChromeDriver: chrome on WINDOWS (174b32f5d5004f24f4137e072a4d4a9a)] -> xpath: //div[@class='message-error validation-summary-errors']]
2022-12-18 21:06:13 INFO  HomePage :50 - click On LoginLink [[ChromeDriver: chrome on WINDOWS (535172b825c8b2ba4041d19a12012d55)] -> link text: Log in]
2022-12-18 21:06:13 INFO  LoginPage :49 - enter EmailId [[ChromeDriver: chrome on WINDOWS (535172b825c8b2ba4041d19a12012d55)] -> id: Email]
2022-12-18 21:06:13 INFO  LoginPage :55 - enter Password [[ChromeDriver: chrome on WINDOWS (535172b825c8b2ba4041d19a12012d55)] -> name: Password]
2022-12-18 21:06:13 INFO  LoginPage :60 - click On LoginButton [[ChromeDriver: chrome on WINDOWS (535172b825c8b2ba4041d19a12012d55)] -> xpath: //button[contains(text(),'Log in')]]
2022-12-18 21:06:38 INFO  HomePage :50 - click On LoginLink [[ChromeDriver: chrome on WINDOWS (052a9fd72cc987c9d4947047f8c2e47c)] -> link text: Log in]
2022-12-18 21:06:38 INFO  LoginPage :49 - enter EmailId [[ChromeDriver: chrome on WINDOWS (052a9fd72cc987c9d4947047f8c2e47c)] -> id: Email]
2022-12-18 21:06:38 INFO  LoginPage :55 - enter Password [[ChromeDriver: chrome on WINDOWS (052a9fd72cc987c9d4947047f8c2e47c)] -> name: Password]
2022-12-18 21:06:39 INFO  LoginPage :60 - click On LoginButton [[ChromeDriver: chrome on WINDOWS (052a9fd72cc987c9d4947047f8c2e47c)] -> xpath: //button[contains(text(),'Log in')]]
2022-12-18 21:07:04 INFO  HomePage :61 - click On RegisterLink [[ChromeDriver: chrome on WINDOWS (affbfad3916ac7776f3d4016f6ccde13)] -> link text: Register]
2022-12-18 21:07:04 INFO  RegisterPage :83 - get Register Text [[ChromeDriver: chrome on WINDOWS (affbfad3916ac7776f3d4016f6ccde13)] -> css selector: div[class='page-title'] h1]
2022-12-18 21:07:08 INFO  HomePage :61 - click On RegisterLink [[ChromeDriver: chrome on WINDOWS (a3c9f8ea159be4add352d0d6c64ce8f7)] -> link text: Register]
2022-12-18 21:07:08 INFO  RegisterPage :135 - click On RegisterButton [[ChromeDriver: chrome on WINDOWS (a3c9f8ea159be4add352d0d6c64ce8f7)] -> css selector: #register-button]
2022-12-18 21:07:08 INFO  RegisterPage :143 - get Validation ErrorMessageForField [[[ChromeDriver: chrome on WINDOWS (a3c9f8ea159be4add352d0d6c64ce8f7)] -> class name: field-validation-error], [[ChromeDriver: chrome on WINDOWS (a3c9f8ea159be4add352d0d6c64ce8f7)] -> class name: field-validation-error], [[ChromeDriver: chrome on WINDOWS (a3c9f8ea159be4add352d0d6c64ce8f7)] -> class name: field-validation-error], [[ChromeDriver: chrome on WINDOWS (a3c9f8ea159be4add352d0d6c64ce8f7)] -> class name: field-validation-error], [[ChromeDriver: chrome on WINDOWS (a3c9f8ea159be4add352d0d6c64ce8f7)] -> class name: field-validation-error]]
2022-12-18 21:07:13 INFO  HomePage :61 - click On RegisterLink [[ChromeDriver: chrome on WINDOWS (326f79092dc97a44bf16a56c10304aa3)] -> link text: Register]
2022-12-18 21:07:13 INFO  RegisterPage :91 - Select Gender [[ChromeDriver: chrome on WINDOWS (326f79092dc97a44bf16a56c10304aa3)] -> xpath: //div[@id='gender']//label]
2022-12-18 21:07:13 INFO  RegisterPage :99 - Enter FirstName [[ChromeDriver: chrome on WINDOWS (326f79092dc97a44bf16a56c10304aa3)] -> id: FirstName]
2022-12-18 21:07:13 INFO  RegisterPage :105 - Enter LastName [[ChromeDriver: chrome on WINDOWS (326f79092dc97a44bf16a56c10304aa3)] -> id: LastName]
2022-12-18 21:07:13 INFO  RegisterPage :113 - select DateOfBirth [[ChromeDriver: chrome on WINDOWS (326f79092dc97a44bf16a56c10304aa3)] -> name: DateOfBirthDay]
2022-12-18 21:07:13 INFO  LoginPage :49 - enter EmailId [[ChromeDriver: chrome on WINDOWS (326f79092dc97a44bf16a56c10304aa3)] -> id: Email]
2022-12-18 21:07:13 INFO  RegisterPage :124 - Enter Password [[ChromeDriver: chrome on WINDOWS (326f79092dc97a44bf16a56c10304aa3)] -> id: Password]
2022-12-18 21:07:13 INFO  RegisterPage :130 - enter Confirm Password [[ChromeDriver: chrome on WINDOWS (326f79092dc97a44bf16a56c10304aa3)] -> id: ConfirmPassword]
2022-12-18 21:07:14 INFO  RegisterPage :135 - click On RegisterButton [[ChromeDriver: chrome on WINDOWS (326f79092dc97a44bf16a56c10304aa3)] -> css selector: #register-button]
2022-12-18 21:07:14 INFO  RegisterPage :152 - Get Your RegCompletedText [[ChromeDriver: chrome on WINDOWS (326f79092dc97a44bf16a56c10304aa3)] -> css selector: .result]
2022-12-18 21:45:57 INFO  HomePage :91 - click On MenuTab [[ChromeDriver: chrome on WINDOWS (97321f3e46cb9c1eedf6ced135dc4eda)] -> xpath: //div[@class='header-menu']/child::ul[1]/li/a]
2022-12-18 21:45:57 INFO  ComputerPage :34 - Get PageTitle Text[[ChromeDriver: chrome on WINDOWS (97321f3e46cb9c1eedf6ced135dc4eda)] -> css selector: div[class='page-title'] h1]
2022-12-18 21:46:01 INFO  HomePage :91 - click On MenuTab [[ChromeDriver: chrome on WINDOWS (da0b8be952841c8334abe5a9add7fcab)] -> xpath: //div[@class='header-menu']/child::ul[1]/li/a]
2022-12-18 21:46:01 INFO  ComputerPage :42 - click On SubMenu [[ChromeDriver: chrome on WINDOWS (da0b8be952841c8334abe5a9add7fcab)] -> xpath: //div[@class='category-grid sub-category-grid']//h2/a]
2022-12-18 21:46:01 INFO  DesktopsPage :44 - Get PageTitle Text [[ChromeDriver: chrome on WINDOWS (da0b8be952841c8334abe5a9add7fcab)] -> css selector: div[class='page-title'] h1]
2022-12-18 21:46:06 INFO  HomePage :50 - click On LoginLink [[ChromeDriver: chrome on WINDOWS (4cc638278a5bb60d203c535b98bde0ad)] -> link text: Log in]
2022-12-18 21:46:06 INFO  LoginPage :43 - get WelcomeText [[ChromeDriver: chrome on WINDOWS (4cc638278a5bb60d203c535b98bde0ad)] -> xpath: //h1[contains(text(),'Welcome, Please Sign In!')]]
2022-12-18 21:46:11 INFO  HomePage :50 - click On LoginLink [[ChromeDriver: chrome on WINDOWS (2d5e384f7799caac1c6d0cc39dc879a5)] -> link text: Log in]
2022-12-18 21:46:11 INFO  LoginPage :49 - enter EmailId [[ChromeDriver: chrome on WINDOWS (2d5e384f7799caac1c6d0cc39dc879a5)] -> id: Email]
2022-12-18 21:46:11 INFO  LoginPage :55 - enter Password [[ChromeDriver: chrome on WINDOWS (2d5e384f7799caac1c6d0cc39dc879a5)] -> name: Password]
2022-12-18 21:46:12 INFO  LoginPage :60 - click On LoginButton [[ChromeDriver: chrome on WINDOWS (2d5e384f7799caac1c6d0cc39dc879a5)] -> xpath: //button[contains(text(),'Log in')]]
2022-12-18 21:46:12 INFO  LoginPage :66 - get ErrorMessage [[ChromeDriver: chrome on WINDOWS (2d5e384f7799caac1c6d0cc39dc879a5)] -> xpath: //div[@class='message-error validation-summary-errors']]
2022-12-18 21:46:17 INFO  HomePage :50 - click On LoginLink [[ChromeDriver: chrome on WINDOWS (a9275efca28407cabcfd91f455680020)] -> link text: Log in]
2022-12-18 21:46:17 INFO  LoginPage :49 - enter EmailId [[ChromeDriver: chrome on WINDOWS (a9275efca28407cabcfd91f455680020)] -> id: Email]
2022-12-18 21:46:17 INFO  LoginPage :55 - enter Password [[ChromeDriver: chrome on WINDOWS (a9275efca28407cabcfd91f455680020)] -> name: Password]
2022-12-18 21:46:17 INFO  LoginPage :60 - click On LoginButton [[ChromeDriver: chrome on WINDOWS (a9275efca28407cabcfd91f455680020)] -> xpath: //button[contains(text(),'Log in')]]
2022-12-18 21:46:42 INFO  HomePage :50 - click On LoginLink [[ChromeDriver: chrome on WINDOWS (312f2e6242f6f78a00d7ed66d097f173)] -> link text: Log in]
2022-12-18 21:46:42 INFO  LoginPage :49 - enter EmailId [[ChromeDriver: chrome on WINDOWS (312f2e6242f6f78a00d7ed66d097f173)] -> id: Email]
2022-12-18 21:46:42 INFO  LoginPage :55 - enter Password [[ChromeDriver: chrome on WINDOWS (312f2e6242f6f78a00d7ed66d097f173)] -> name: Password]
2022-12-18 21:46:42 INFO  LoginPage :60 - click On LoginButton [[ChromeDriver: chrome on WINDOWS (312f2e6242f6f78a00d7ed66d097f173)] -> xpath: //button[contains(text(),'Log in')]]
2022-12-18 21:47:07 INFO  HomePage :61 - click On RegisterLink [[ChromeDriver: chrome on WINDOWS (3b9cb9be2313fe417800a3ddde41eeb5)] -> link text: Register]
2022-12-18 21:47:07 INFO  RegisterPage :83 - get Register Text [[ChromeDriver: chrome on WINDOWS (3b9cb9be2313fe417800a3ddde41eeb5)] -> css selector: div[class='page-title'] h1]
2022-12-18 21:47:12 INFO  HomePage :61 - click On RegisterLink [[ChromeDriver: chrome on WINDOWS (37f168e3b0c82b43006d78f3cb4f65cc)] -> link text: Register]
2022-12-18 21:47:12 INFO  RegisterPage :135 - click On RegisterButton [[ChromeDriver: chrome on WINDOWS (37f168e3b0c82b43006d78f3cb4f65cc)] -> css selector: #register-button]
2022-12-18 21:47:12 INFO  RegisterPage :143 - get Validation ErrorMessageForField [[[ChromeDriver: chrome on WINDOWS (37f168e3b0c82b43006d78f3cb4f65cc)] -> class name: field-validation-error], [[ChromeDriver: chrome on WINDOWS (37f168e3b0c82b43006d78f3cb4f65cc)] -> class name: field-validation-error], [[ChromeDriver: chrome on WINDOWS (37f168e3b0c82b43006d78f3cb4f65cc)] -> class name: field-validation-error], [[ChromeDriver: chrome on WINDOWS (37f168e3b0c82b43006d78f3cb4f65cc)] -> class name: field-validation-error], [[ChromeDriver: chrome on WINDOWS (37f168e3b0c82b43006d78f3cb4f65cc)] -> class name: field-validation-error]]
2022-12-18 21:47:17 INFO  HomePage :61 - click On RegisterLink [[ChromeDriver: chrome on WINDOWS (2b558c466c3703d6c6a282849416a8cf)] -> link text: Register]
2022-12-18 21:47:17 INFO  RegisterPage :91 - Select Gender [[ChromeDriver: chrome on WINDOWS (2b558c466c3703d6c6a282849416a8cf)] -> xpath: //div[@id='gender']//label]
2022-12-18 21:47:17 INFO  RegisterPage :99 - Enter FirstName [[ChromeDriver: chrome on WINDOWS (2b558c466c3703d6c6a282849416a8cf)] -> id: FirstName]
2022-12-18 21:47:17 INFO  RegisterPage :105 - Enter LastName [[ChromeDriver: chrome on WINDOWS (2b558c466c3703d6c6a282849416a8cf)] -> id: LastName]
2022-12-18 21:47:17 INFO  RegisterPage :113 - select DateOfBirth [[ChromeDriver: chrome on WINDOWS (2b558c466c3703d6c6a282849416a8cf)] -> name: DateOfBirthDay]
2022-12-18 21:47:17 INFO  LoginPage :49 - enter EmailId [[ChromeDriver: chrome on WINDOWS (2b558c466c3703d6c6a282849416a8cf)] -> id: Email]
2022-12-18 21:47:17 INFO  RegisterPage :124 - Enter Password [[ChromeDriver: chrome on WINDOWS (2b558c466c3703d6c6a282849416a8cf)] -> id: Password]
2022-12-18 21:47:17 INFO  RegisterPage :130 - enter Confirm Password [[ChromeDriver: chrome on WINDOWS (2b558c466c3703d6c6a282849416a8cf)] -> id: ConfirmPassword]
2022-12-18 21:47:18 INFO  RegisterPage :135 - click On RegisterButton [[ChromeDriver: chrome on WINDOWS (2b558c466c3703d6c6a282849416a8cf)] -> css selector: #register-button]
2022-12-18 21:47:18 INFO  RegisterPage :152 - Get Your RegCompletedText [[ChromeDriver: chrome on WINDOWS (2b558c466c3703d6c6a282849416a8cf)] -> css selector: .result]
2022-12-18 21:52:29 INFO  HomePage :91 - click On MenuTab [[ChromeDriver: chrome on WINDOWS (e90ec53509162a5585d910c0649f5f4f)] -> xpath: //div[@class='header-menu']/child::ul[1]/li/a]
2022-12-18 21:52:29 INFO  ComputerPage :34 - Get PageTitle Text[[ChromeDriver: chrome on WINDOWS (e90ec53509162a5585d910c0649f5f4f)] -> css selector: div[class='page-title'] h1]
2022-12-18 21:52:34 INFO  HomePage :91 - click On MenuTab [[ChromeDriver: chrome on WINDOWS (667819559d9ad3841e99845b82851710)] -> xpath: //div[@class='header-menu']/child::ul[1]/li/a]
2022-12-18 21:52:35 INFO  ComputerPage :42 - click On SubMenu [[ChromeDriver: chrome on WINDOWS (667819559d9ad3841e99845b82851710)] -> xpath: //div[@class='category-grid sub-category-grid']//h2/a]
2022-12-18 21:52:35 INFO  DesktopsPage :44 - Get PageTitle Text [[ChromeDriver: chrome on WINDOWS (667819559d9ad3841e99845b82851710)] -> css selector: div[class='page-title'] h1]
2022-12-18 21:52:39 INFO  HomePage :50 - click On LoginLink [[ChromeDriver: chrome on WINDOWS (0c788ce1b78948e9370249a08b282725)] -> link text: Log in]
2022-12-18 21:52:39 INFO  LoginPage :43 - get WelcomeText [[ChromeDriver: chrome on WINDOWS (0c788ce1b78948e9370249a08b282725)] -> xpath: //h1[contains(text(),'Welcome, Please Sign In!')]]
2022-12-18 21:52:44 INFO  HomePage :50 - click On LoginLink [[ChromeDriver: chrome on WINDOWS (b4c7caee00f3af6e7ee8f0bcb82bb949)] -> link text: Log in]
2022-12-18 21:52:44 INFO  LoginPage :49 - enter EmailId [[ChromeDriver: chrome on WINDOWS (b4c7caee00f3af6e7ee8f0bcb82bb949)] -> id: Email]
2022-12-18 21:52:44 INFO  LoginPage :55 - enter Password [[ChromeDriver: chrome on WINDOWS (b4c7caee00f3af6e7ee8f0bcb82bb949)] -> name: Password]
2022-12-18 21:52:45 INFO  LoginPage :60 - click On LoginButton [[ChromeDriver: chrome on WINDOWS (b4c7caee00f3af6e7ee8f0bcb82bb949)] -> xpath: //button[contains(text(),'Log in')]]
2022-12-18 21:53:10 INFO  HomePage :50 - click On LoginLink [[ChromeDriver: chrome on WINDOWS (994743454be9bd8f43dbbf754dd46fcb)] -> link text: Log in]
2022-12-18 21:53:10 INFO  LoginPage :49 - enter EmailId [[ChromeDriver: chrome on WINDOWS (994743454be9bd8f43dbbf754dd46fcb)] -> id: Email]
2022-12-18 21:53:11 INFO  LoginPage :55 - enter Password [[ChromeDriver: chrome on WINDOWS (994743454be9bd8f43dbbf754dd46fcb)] -> name: Password]
2022-12-18 21:53:11 INFO  LoginPage :60 - click On LoginButton [[ChromeDriver: chrome on WINDOWS (994743454be9bd8f43dbbf754dd46fcb)] -> xpath: //button[contains(text(),'Log in')]]
2022-12-18 21:53:36 INFO  HomePage :50 - click On LoginLink [[ChromeDriver: chrome on WINDOWS (23a76380793e724ef2f68b907ee16c96)] -> link text: Log in]
2022-12-18 21:53:36 INFO  LoginPage :49 - enter EmailId [[ChromeDriver: chrome on WINDOWS (23a76380793e724ef2f68b907ee16c96)] -> id: Email]
2022-12-18 21:53:36 INFO  LoginPage :55 - enter Password [[ChromeDriver: chrome on WINDOWS (23a76380793e724ef2f68b907ee16c96)] -> name: Password]
2022-12-18 21:53:37 INFO  LoginPage :60 - click On LoginButton [[ChromeDriver: chrome on WINDOWS (23a76380793e724ef2f68b907ee16c96)] -> xpath: //button[contains(text(),'Log in')]]
2022-12-18 21:54:01 INFO  HomePage :61 - click On RegisterLink [[ChromeDriver: chrome on WINDOWS (f12b16591b2d2d2b9656bb955f3e9152)] -> link text: Register]
2022-12-18 21:54:01 INFO  RegisterPage :83 - get Register Text [[ChromeDriver: chrome on WINDOWS (f12b16591b2d2d2b9656bb955f3e9152)] -> css selector: div[class='page-title'] h1]
2022-12-18 21:54:05 INFO  HomePage :61 - click On RegisterLink [[ChromeDriver: chrome on WINDOWS (dfeb432a64d81c14399b4e2a0cc1902f)] -> link text: Register]
2022-12-18 21:54:06 INFO  RegisterPage :135 - click On RegisterButton [[ChromeDriver: chrome on WINDOWS (dfeb432a64d81c14399b4e2a0cc1902f)] -> css selector: #register-button]
2022-12-18 21:54:06 INFO  RegisterPage :143 - get Validation ErrorMessageForField [[[ChromeDriver: chrome on WINDOWS (dfeb432a64d81c14399b4e2a0cc1902f)] -> class name: field-validation-error], [[ChromeDriver: chrome on WINDOWS (dfeb432a64d81c14399b4e2a0cc1902f)] -> class name: field-validation-error], [[ChromeDriver: chrome on WINDOWS (dfeb432a64d81c14399b4e2a0cc1902f)] -> class name: field-validation-error], [[ChromeDriver: chrome on WINDOWS (dfeb432a64d81c14399b4e2a0cc1902f)] -> class name: field-validation-error], [[ChromeDriver: chrome on WINDOWS (dfeb432a64d81c14399b4e2a0cc1902f)] -> class name: field-validation-error]]
2022-12-18 21:54:10 INFO  HomePage :61 - click On RegisterLink [[ChromeDriver: chrome on WINDOWS (49050d867e4cae66647e8d2caacb0250)] -> link text: Register]
2022-12-18 21:54:10 INFO  RegisterPage :91 - Select Gender [[ChromeDriver: chrome on WINDOWS (49050d867e4cae66647e8d2caacb0250)] -> xpath: //div[@id='gender']//label]
2022-12-18 21:54:10 INFO  RegisterPage :99 - Enter FirstName [[ChromeDriver: chrome on WINDOWS (49050d867e4cae66647e8d2caacb0250)] -> id: FirstName]
2022-12-18 21:54:11 INFO  RegisterPage :105 - Enter LastName [[ChromeDriver: chrome on WINDOWS (49050d867e4cae66647e8d2caacb0250)] -> id: LastName]
2022-12-18 21:54:11 INFO  RegisterPage :113 - select DateOfBirth [[ChromeDriver: chrome on WINDOWS (49050d867e4cae66647e8d2caacb0250)] -> name: DateOfBirthDay]
2022-12-18 21:54:11 INFO  LoginPage :49 - enter EmailId [[ChromeDriver: chrome on WINDOWS (49050d867e4cae66647e8d2caacb0250)] -> id: Email]
2022-12-18 21:54:11 INFO  RegisterPage :124 - Enter Password [[ChromeDriver: chrome on WINDOWS (49050d867e4cae66647e8d2caacb0250)] -> id: Password]
2022-12-18 21:54:11 INFO  RegisterPage :130 - enter Confirm Password [[ChromeDriver: chrome on WINDOWS (49050d867e4cae66647e8d2caacb0250)] -> id: ConfirmPassword]
2022-12-18 21:54:11 INFO  RegisterPage :135 - click On RegisterButton [[ChromeDriver: chrome on WINDOWS (49050d867e4cae66647e8d2caacb0250)] -> css selector: #register-button]
2022-12-18 21:58:56 INFO  HomePage :91 - click On MenuTab [[ChromeDriver: chrome on WINDOWS (5dd6f74b8d34ea0b7d49c4e3cf46b219)] -> xpath: //div[@class='header-menu']/child::ul[1]/li/a]
2022-12-18 21:58:56 INFO  ComputerPage :34 - Get PageTitle Text[[ChromeDriver: chrome on WINDOWS (5dd6f74b8d34ea0b7d49c4e3cf46b219)] -> css selector: div[class='page-title'] h1]
2022-12-18 21:59:01 INFO  HomePage :91 - click On MenuTab [[ChromeDriver: chrome on WINDOWS (21f586660674f8682554d7b409422d8d)] -> xpath: //div[@class='header-menu']/child::ul[1]/li/a]
2022-12-18 21:59:02 INFO  ComputerPage :42 - click On SubMenu [[ChromeDriver: chrome on WINDOWS (21f586660674f8682554d7b409422d8d)] -> xpath: //div[@class='category-grid sub-category-grid']//h2/a]
2022-12-18 21:59:02 INFO  DesktopsPage :44 - Get PageTitle Text [[ChromeDriver: chrome on WINDOWS (21f586660674f8682554d7b409422d8d)] -> css selector: div[class='page-title'] h1]
2022-12-18 21:59:06 INFO  HomePage :50 - click On LoginLink [[ChromeDriver: chrome on WINDOWS (b711934cc3cd689d3cb5266e4bbfb48e)] -> link text: Log in]
2022-12-18 21:59:06 INFO  LoginPage :43 - get WelcomeText [[ChromeDriver: chrome on WINDOWS (b711934cc3cd689d3cb5266e4bbfb48e)] -> xpath: //h1[contains(text(),'Welcome, Please Sign In!')]]
2022-12-18 21:59:11 INFO  HomePage :50 - click On LoginLink [[ChromeDriver: chrome on WINDOWS (850f6648f0163ce9b5a97426513887d5)] -> link text: Log in]
2022-12-18 21:59:11 INFO  LoginPage :49 - enter EmailId [[ChromeDriver: chrome on WINDOWS (850f6648f0163ce9b5a97426513887d5)] -> id: Email]
2022-12-18 21:59:11 INFO  LoginPage :55 - enter Password [[ChromeDriver: chrome on WINDOWS (850f6648f0163ce9b5a97426513887d5)] -> name: Password]
2022-12-18 21:59:12 INFO  LoginPage :60 - click On LoginButton [[ChromeDriver: chrome on WINDOWS (850f6648f0163ce9b5a97426513887d5)] -> xpath: //button[contains(text(),'Log in')]]
2022-12-18 21:59:16 INFO  HomePage :50 - click On LoginLink [[ChromeDriver: chrome on WINDOWS (ca34698dd8af7ea6783a85520354fba4)] -> link text: Log in]
2022-12-18 21:59:16 INFO  LoginPage :49 - enter EmailId [[ChromeDriver: chrome on WINDOWS (ca34698dd8af7ea6783a85520354fba4)] -> id: Email]
2022-12-18 21:59:16 INFO  LoginPage :55 - enter Password [[ChromeDriver: chrome on WINDOWS (ca34698dd8af7ea6783a85520354fba4)] -> name: Password]
2022-12-18 21:59:16 INFO  LoginPage :60 - click On LoginButton [[ChromeDriver: chrome on WINDOWS (ca34698dd8af7ea6783a85520354fba4)] -> xpath: //button[contains(text(),'Log in')]]
2022-12-18 21:59:40 INFO  HomePage :50 - click On LoginLink [[ChromeDriver: chrome on WINDOWS (58b5134788038602711a1525858a87d8)] -> link text: Log in]
2022-12-18 21:59:40 INFO  LoginPage :49 - enter EmailId [[ChromeDriver: chrome on WINDOWS (58b5134788038602711a1525858a87d8)] -> id: Email]
2022-12-18 21:59:40 INFO  LoginPage :55 - enter Password [[ChromeDriver: chrome on WINDOWS (58b5134788038602711a1525858a87d8)] -> name: Password]
2022-12-18 21:59:41 INFO  LoginPage :60 - click On LoginButton [[ChromeDriver: chrome on WINDOWS (58b5134788038602711a1525858a87d8)] -> xpath: //button[contains(text(),'Log in')]]
2022-12-18 21:59:45 INFO  HomePage :61 - click On RegisterLink [[ChromeDriver: chrome on WINDOWS (1a24a2e87f7dd574d5d47bf1170046ce)] -> link text: Register]
2022-12-18 21:59:45 INFO  RegisterPage :83 - get Register Text [[ChromeDriver: chrome on WINDOWS (1a24a2e87f7dd574d5d47bf1170046ce)] -> css selector: div[class='page-title'] h1]
2022-12-18 21:59:49 INFO  HomePage :61 - click On RegisterLink [[ChromeDriver: chrome on WINDOWS (94bcb227b989e20295d5e67792ea48ed)] -> link text: Register]
2022-12-18 21:59:49 INFO  RegisterPage :135 - click On RegisterButton [[ChromeDriver: chrome on WINDOWS (94bcb227b989e20295d5e67792ea48ed)] -> css selector: #register-button]
2022-12-18 21:59:49 INFO  RegisterPage :143 - get Validation ErrorMessageForField [[[ChromeDriver: chrome on WINDOWS (94bcb227b989e20295d5e67792ea48ed)] -> class name: field-validation-error], [[ChromeDriver: chrome on WINDOWS (94bcb227b989e20295d5e67792ea48ed)] -> class name: field-validation-error], [[ChromeDriver: chrome on WINDOWS (94bcb227b989e20295d5e67792ea48ed)] -> class name: field-validation-error], [[ChromeDriver: chrome on WINDOWS (94bcb227b989e20295d5e67792ea48ed)] -> class name: field-validation-error], [[ChromeDriver: chrome on WINDOWS (94bcb227b989e20295d5e67792ea48ed)] -> class name: field-validation-error]]
2022-12-18 21:59:49 INFO  RegisterPage :143 - get Validation ErrorMessageForField [[[ChromeDriver: chrome on WINDOWS (94bcb227b989e20295d5e67792ea48ed)] -> class name: field-validation-error], [[ChromeDriver: chrome on WINDOWS (94bcb227b989e20295d5e67792ea48ed)] -> class name: field-validation-error], [[ChromeDriver: chrome on WINDOWS (94bcb227b989e20295d5e67792ea48ed)] -> class name: field-validation-error], [[ChromeDriver: chrome on WINDOWS (94bcb227b989e20295d5e67792ea48ed)] -> class name: field-validation-error], [[ChromeDriver: chrome on WINDOWS (94bcb227b989e20295d5e67792ea48ed)] -> class name: field-validation-error]]
2022-12-18 21:59:49 INFO  RegisterPage :143 - get Validation ErrorMessageForField [[[ChromeDriver: chrome on WINDOWS (94bcb227b989e20295d5e67792ea48ed)] -> class name: field-validation-error], [[ChromeDriver: chrome on WINDOWS (94bcb227b989e20295d5e67792ea48ed)] -> class name: field-validation-error], [[ChromeDriver: chrome on WINDOWS (94bcb227b989e20295d5e67792ea48ed)] -> class name: field-validation-error], [[ChromeDriver: chrome on WINDOWS (94bcb227b989e20295d5e67792ea48ed)] -> class name: field-validation-error], [[ChromeDriver: chrome on WINDOWS (94bcb227b989e20295d5e67792ea48ed)] -> class name: field-validation-error]]
2022-12-18 21:59:49 INFO  RegisterPage :143 - get Validation ErrorMessageForField [[[ChromeDriver: chrome on WINDOWS (94bcb227b989e20295d5e67792ea48ed)] -> class name: field-validation-error], [[ChromeDriver: chrome on WINDOWS (94bcb227b989e20295d5e67792ea48ed)] -> class name: field-validation-error], [[ChromeDriver: chrome on WINDOWS (94bcb227b989e20295d5e67792ea48ed)] -> class name: field-validation-error], [[ChromeDriver: chrome on WINDOWS (94bcb227b989e20295d5e67792ea48ed)] -> class name: field-validation-error], [[ChromeDriver: chrome on WINDOWS (94bcb227b989e20295d5e67792ea48ed)] -> class name: field-validation-error]]
2022-12-18 21:59:49 INFO  RegisterPage :143 - get Validation ErrorMessageForField [[[ChromeDriver: chrome on WINDOWS (94bcb227b989e20295d5e67792ea48ed)] -> class name: field-validation-error], [[ChromeDriver: chrome on WINDOWS (94bcb227b989e20295d5e67792ea48ed)] -> class name: field-validation-error], [[ChromeDriver: chrome on WINDOWS (94bcb227b989e20295d5e67792ea48ed)] -> class name: field-validation-error], [[ChromeDriver: chrome on WINDOWS (94bcb227b989e20295d5e67792ea48ed)] -> class name: field-validation-error], [[ChromeDriver: chrome on WINDOWS (94bcb227b989e20295d5e67792ea48ed)] -> class name: field-validation-error]]
2022-12-18 21:59:54 INFO  HomePage :61 - click On RegisterLink [[ChromeDriver: chrome on WINDOWS (00b875e6676da6645b4587cc7d5afa65)] -> link text: Register]
2022-12-18 21:59:54 INFO  RegisterPage :91 - Select Gender [[ChromeDriver: chrome on WINDOWS (00b875e6676da6645b4587cc7d5afa65)] -> xpath: //div[@id='gender']//label]
2022-12-18 21:59:54 INFO  RegisterPage :99 - Enter FirstName [[ChromeDriver: chrome on WINDOWS (00b875e6676da6645b4587cc7d5afa65)] -> id: FirstName]
2022-12-18 21:59:54 INFO  RegisterPage :105 - Enter LastName [[ChromeDriver: chrome on WINDOWS (00b875e6676da6645b4587cc7d5afa65)] -> id: LastName]
2022-12-18 21:59:54 INFO  RegisterPage :113 - select DateOfBirth [[ChromeDriver: chrome on WINDOWS (00b875e6676da6645b4587cc7d5afa65)] -> name: DateOfBirthDay]
2022-12-18 21:59:54 INFO  LoginPage :49 - enter EmailId [[ChromeDriver: chrome on WINDOWS (00b875e6676da6645b4587cc7d5afa65)] -> id: Email]
2022-12-18 21:59:54 INFO  RegisterPage :124 - Enter Password [[ChromeDriver: chrome on WINDOWS (00b875e6676da6645b4587cc7d5afa65)] -> id: Password]
2022-12-18 21:59:54 INFO  RegisterPage :130 - enter Confirm Password [[ChromeDriver: chrome on WINDOWS (00b875e6676da6645b4587cc7d5afa65)] -> id: ConfirmPassword]
2022-12-18 21:59:54 INFO  RegisterPage :135 - click On RegisterButton [[ChromeDriver: chrome on WINDOWS (00b875e6676da6645b4587cc7d5afa65)] -> css selector: #register-button]
2022-12-18 22:01:17 INFO  HomePage :91 - click On MenuTab [[ChromeDriver: chrome on WINDOWS (32c1d4de454d9236eb6a7bcddbc37391)] -> xpath: //div[@class='header-menu']/child::ul[1]/li/a]
2022-12-18 22:01:17 INFO  ComputerPage :34 - Get PageTitle Text[[ChromeDriver: chrome on WINDOWS (32c1d4de454d9236eb6a7bcddbc37391)] -> css selector: div[class='page-title'] h1]
2022-12-18 22:01:22 INFO  HomePage :91 - click On MenuTab [[ChromeDriver: chrome on WINDOWS (756bbdfee34858cca187c23f8eddc043)] -> xpath: //div[@class='header-menu']/child::ul[1]/li/a]
2022-12-18 22:01:22 INFO  ComputerPage :42 - click On SubMenu [[ChromeDriver: chrome on WINDOWS (756bbdfee34858cca187c23f8eddc043)] -> xpath: //div[@class='category-grid sub-category-grid']//h2/a]
2022-12-18 22:01:22 INFO  DesktopsPage :44 - Get PageTitle Text [[ChromeDriver: chrome on WINDOWS (756bbdfee34858cca187c23f8eddc043)] -> css selector: div[class='page-title'] h1]
2022-12-18 22:01:27 INFO  HomePage :50 - click On LoginLink [[ChromeDriver: chrome on WINDOWS (060f77e4234ea0c3a2da8cd4b6c41dd0)] -> link text: Log in]
2022-12-18 22:01:27 INFO  LoginPage :43 - get WelcomeText [[ChromeDriver: chrome on WINDOWS (060f77e4234ea0c3a2da8cd4b6c41dd0)] -> xpath: //h1[contains(text(),'Welcome, Please Sign In!')]]
2022-12-18 22:01:31 INFO  HomePage :50 - click On LoginLink [[ChromeDriver: chrome on WINDOWS (fc1f511d52d53172af90aedecae0c582)] -> link text: Log in]
2022-12-18 22:01:31 INFO  LoginPage :49 - enter EmailId [[ChromeDriver: chrome on WINDOWS (fc1f511d52d53172af90aedecae0c582)] -> id: Email]
2022-12-18 22:01:31 INFO  LoginPage :55 - enter Password [[ChromeDriver: chrome on WINDOWS (fc1f511d52d53172af90aedecae0c582)] -> name: Password]
2022-12-18 22:01:32 INFO  LoginPage :60 - click On LoginButton [[ChromeDriver: chrome on WINDOWS (fc1f511d52d53172af90aedecae0c582)] -> xpath: //button[contains(text(),'Log in')]]
2022-12-18 22:01:36 INFO  HomePage :50 - click On LoginLink [[ChromeDriver: chrome on WINDOWS (830ef264be97a265ab9741c37f341304)] -> link text: Log in]
2022-12-18 22:01:36 INFO  LoginPage :49 - enter EmailId [[ChromeDriver: chrome on WINDOWS (830ef264be97a265ab9741c37f341304)] -> id: Email]
2022-12-18 22:01:36 INFO  LoginPage :55 - enter Password [[ChromeDriver: chrome on WINDOWS (830ef264be97a265ab9741c37f341304)] -> name: Password]
2022-12-18 22:01:36 INFO  LoginPage :60 - click On LoginButton [[ChromeDriver: chrome on WINDOWS (830ef264be97a265ab9741c37f341304)] -> xpath: //button[contains(text(),'Log in')]]
2022-12-18 22:02:01 INFO  HomePage :50 - click On LoginLink [[ChromeDriver: chrome on WINDOWS (78243cf4d44cd64c1f60c022990bf3e7)] -> link text: Log in]
2022-12-18 22:02:01 INFO  LoginPage :49 - enter EmailId [[ChromeDriver: chrome on WINDOWS (78243cf4d44cd64c1f60c022990bf3e7)] -> id: Email]
2022-12-18 22:02:01 INFO  LoginPage :55 - enter Password [[ChromeDriver: chrome on WINDOWS (78243cf4d44cd64c1f60c022990bf3e7)] -> name: Password]
2022-12-18 22:02:02 INFO  LoginPage :60 - click On LoginButton [[ChromeDriver: chrome on WINDOWS (78243cf4d44cd64c1f60c022990bf3e7)] -> xpath: //button[contains(text(),'Log in')]]
2022-12-18 22:02:06 INFO  HomePage :61 - click On RegisterLink [[ChromeDriver: chrome on WINDOWS (76d745533dea4ba20d7b7219b0467a54)] -> link text: Register]
2022-12-18 22:02:06 INFO  RegisterPage :83 - get Register Text [[ChromeDriver: chrome on WINDOWS (76d745533dea4ba20d7b7219b0467a54)] -> css selector: div[class='page-title'] h1]
2022-12-18 22:02:10 INFO  HomePage :61 - click On RegisterLink [[ChromeDriver: chrome on WINDOWS (a6f0e984b8481c2f204a7f1b6f1a28bd)] -> link text: Register]
2022-12-18 22:02:10 INFO  RegisterPage :135 - click On RegisterButton [[ChromeDriver: chrome on WINDOWS (a6f0e984b8481c2f204a7f1b6f1a28bd)] -> css selector: #register-button]
2022-12-18 22:02:10 INFO  RegisterPage :143 - get Validation ErrorMessageForField [[[ChromeDriver: chrome on WINDOWS (a6f0e984b8481c2f204a7f1b6f1a28bd)] -> class name: field-validation-error], [[ChromeDriver: chrome on WINDOWS (a6f0e984b8481c2f204a7f1b6f1a28bd)] -> class name: field-validation-error], [[ChromeDriver: chrome on WINDOWS (a6f0e984b8481c2f204a7f1b6f1a28bd)] -> class name: field-validation-error], [[ChromeDriver: chrome on WINDOWS (a6f0e984b8481c2f204a7f1b6f1a28bd)] -> class name: field-validation-error], [[ChromeDriver: chrome on WINDOWS (a6f0e984b8481c2f204a7f1b6f1a28bd)] -> class name: field-validation-error]]
2022-12-18 22:02:10 INFO  RegisterPage :143 - get Validation ErrorMessageForField [[[ChromeDriver: chrome on WINDOWS (a6f0e984b8481c2f204a7f1b6f1a28bd)] -> class name: field-validation-error], [[ChromeDriver: chrome on WINDOWS (a6f0e984b8481c2f204a7f1b6f1a28bd)] -> class name: field-validation-error], [[ChromeDriver: chrome on WINDOWS (a6f0e984b8481c2f204a7f1b6f1a28bd)] -> class name: field-validation-error], [[ChromeDriver: chrome on WINDOWS (a6f0e984b8481c2f204a7f1b6f1a28bd)] -> class name: field-validation-error], [[ChromeDriver: chrome on WINDOWS (a6f0e984b8481c2f204a7f1b6f1a28bd)] -> class name: field-validation-error]]
2022-12-18 22:02:10 INFO  RegisterPage :143 - get Validation ErrorMessageForField [[[ChromeDriver: chrome on WINDOWS (a6f0e984b8481c2f204a7f1b6f1a28bd)] -> class name: field-validation-error], [[ChromeDriver: chrome on WINDOWS (a6f0e984b8481c2f204a7f1b6f1a28bd)] -> class name: field-validation-error], [[ChromeDriver: chrome on WINDOWS (a6f0e984b8481c2f204a7f1b6f1a28bd)] -> class name: field-validation-error], [[ChromeDriver: chrome on WINDOWS (a6f0e984b8481c2f204a7f1b6f1a28bd)] -> class name: field-validation-error], [[ChromeDriver: chrome on WINDOWS (a6f0e984b8481c2f204a7f1b6f1a28bd)] -> class name: field-validation-error]]
2022-12-18 22:02:10 INFO  RegisterPage :143 - get Validation ErrorMessageForField [[[ChromeDriver: chrome on WINDOWS (a6f0e984b8481c2f204a7f1b6f1a28bd)] -> class name: field-validation-error], [[ChromeDriver: chrome on WINDOWS (a6f0e984b8481c2f204a7f1b6f1a28bd)] -> class name: field-validation-error], [[ChromeDriver: chrome on WINDOWS (a6f0e984b8481c2f204a7f1b6f1a28bd)] -> class name: field-validation-error], [[ChromeDriver: chrome on WINDOWS (a6f0e984b8481c2f204a7f1b6f1a28bd)] -> class name: field-validation-error], [[ChromeDriver: chrome on WINDOWS (a6f0e984b8481c2f204a7f1b6f1a28bd)] -> class name: field-validation-error]]
2022-12-18 22:02:10 INFO  RegisterPage :143 - get Validation ErrorMessageForField [[[ChromeDriver: chrome on WINDOWS (a6f0e984b8481c2f204a7f1b6f1a28bd)] -> class name: field-validation-error], [[ChromeDriver: chrome on WINDOWS (a6f0e984b8481c2f204a7f1b6f1a28bd)] -> class name: field-validation-error], [[ChromeDriver: chrome on WINDOWS (a6f0e984b8481c2f204a7f1b6f1a28bd)] -> class name: field-validation-error], [[ChromeDriver: chrome on WINDOWS (a6f0e984b8481c2f204a7f1b6f1a28bd)] -> class name: field-validation-error], [[ChromeDriver: chrome on WINDOWS (a6f0e984b8481c2f204a7f1b6f1a28bd)] -> class name: field-validation-error]]
2022-12-18 22:02:15 INFO  HomePage :61 - click On RegisterLink [[ChromeDriver: chrome on WINDOWS (fea3595f2b19d3b85eeebbd0e4541180)] -> link text: Register]
2022-12-18 22:02:15 INFO  RegisterPage :91 - Select Gender [[ChromeDriver: chrome on WINDOWS (fea3595f2b19d3b85eeebbd0e4541180)] -> xpath: //div[@id='gender']//label]
2022-12-18 22:02:15 INFO  RegisterPage :99 - Enter FirstName [[ChromeDriver: chrome on WINDOWS (fea3595f2b19d3b85eeebbd0e4541180)] -> id: FirstName]
2022-12-18 22:02:15 INFO  RegisterPage :105 - Enter LastName [[ChromeDriver: chrome on WINDOWS (fea3595f2b19d3b85eeebbd0e4541180)] -> id: LastName]
2022-12-18 22:02:16 INFO  RegisterPage :113 - select DateOfBirth [[ChromeDriver: chrome on WINDOWS (fea3595f2b19d3b85eeebbd0e4541180)] -> name: DateOfBirthDay]
2022-12-18 22:02:16 INFO  LoginPage :49 - enter EmailId [[ChromeDriver: chrome on WINDOWS (fea3595f2b19d3b85eeebbd0e4541180)] -> id: Email]
2022-12-18 22:02:16 INFO  RegisterPage :124 - Enter Password [[ChromeDriver: chrome on WINDOWS (fea3595f2b19d3b85eeebbd0e4541180)] -> id: Password]
2022-12-18 22:02:16 INFO  RegisterPage :130 - enter Confirm Password [[ChromeDriver: chrome on WINDOWS (fea3595f2b19d3b85eeebbd0e4541180)] -> id: ConfirmPassword]
2022-12-18 22:02:17 INFO  RegisterPage :135 - click On RegisterButton [[ChromeDriver: chrome on WINDOWS (fea3595f2b19d3b85eeebbd0e4541180)] -> css selector: #register-button]
2022-12-18 22:02:17 INFO  RegisterPage :152 - Get Your RegCompletedText [[ChromeDriver: chrome on WINDOWS (fea3595f2b19d3b85eeebbd0e4541180)] -> css selector: .result]
2022-12-18 22:03:12 INFO  HomePage :91 - click On MenuTab [[ChromeDriver: chrome on WINDOWS (54c1157074d3edd068a498a38c587d25)] -> xpath: //div[@class='header-menu']/child::ul[1]/li/a]
2022-12-18 22:03:12 INFO  ComputerPage :34 - Get PageTitle Text[[ChromeDriver: chrome on WINDOWS (54c1157074d3edd068a498a38c587d25)] -> css selector: div[class='page-title'] h1]
2022-12-18 22:03:17 INFO  HomePage :91 - click On MenuTab [[ChromeDriver: chrome on WINDOWS (b448a7f3459229fabc9d8669bdfe4741)] -> xpath: //div[@class='header-menu']/child::ul[1]/li/a]
2022-12-18 22:03:17 INFO  ComputerPage :42 - click On SubMenu [[ChromeDriver: chrome on WINDOWS (b448a7f3459229fabc9d8669bdfe4741)] -> xpath: //div[@class='category-grid sub-category-grid']//h2/a]
2022-12-18 22:03:17 INFO  DesktopsPage :44 - Get PageTitle Text [[ChromeDriver: chrome on WINDOWS (b448a7f3459229fabc9d8669bdfe4741)] -> css selector: div[class='page-title'] h1]
2022-12-18 22:03:21 INFO  HomePage :50 - click On LoginLink [[ChromeDriver: chrome on WINDOWS (78350db5898f8f9ec7e70e67840197e6)] -> link text: Log in]
2022-12-18 22:03:21 INFO  LoginPage :43 - get WelcomeText [[ChromeDriver: chrome on WINDOWS (78350db5898f8f9ec7e70e67840197e6)] -> xpath: //h1[contains(text(),'Welcome, Please Sign In!')]]
2022-12-18 22:03:25 INFO  HomePage :50 - click On LoginLink [[ChromeDriver: chrome on WINDOWS (57a22bb0fb97f92c5987b23e6c461e64)] -> link text: Log in]
2022-12-18 22:03:25 INFO  LoginPage :49 - enter EmailId [[ChromeDriver: chrome on WINDOWS (57a22bb0fb97f92c5987b23e6c461e64)] -> id: Email]
2022-12-18 22:03:25 INFO  LoginPage :55 - enter Password [[ChromeDriver: chrome on WINDOWS (57a22bb0fb97f92c5987b23e6c461e64)] -> name: Password]
2022-12-18 22:03:26 INFO  LoginPage :60 - click On LoginButton [[ChromeDriver: chrome on WINDOWS (57a22bb0fb97f92c5987b23e6c461e64)] -> xpath: //button[contains(text(),'Log in')]]
2022-12-18 22:03:29 INFO  HomePage :50 - click On LoginLink [[ChromeDriver: chrome on WINDOWS (304872a91eb5a26959ec8af2df1ae974)] -> link text: Log in]
2022-12-18 22:03:29 INFO  LoginPage :49 - enter EmailId [[ChromeDriver: chrome on WINDOWS (304872a91eb5a26959ec8af2df1ae974)] -> id: Email]
2022-12-18 22:03:29 INFO  LoginPage :55 - enter Password [[ChromeDriver: chrome on WINDOWS (304872a91eb5a26959ec8af2df1ae974)] -> name: Password]
2022-12-18 22:03:29 INFO  LoginPage :60 - click On LoginButton [[ChromeDriver: chrome on WINDOWS (304872a91eb5a26959ec8af2df1ae974)] -> xpath: //button[contains(text(),'Log in')]]
2022-12-18 22:03:55 INFO  HomePage :50 - click On LoginLink [[ChromeDriver: chrome on WINDOWS (feca438b9c405bb830cd7eacbb50c208)] -> link text: Log in]
2022-12-18 22:03:55 INFO  LoginPage :49 - enter EmailId [[ChromeDriver: chrome on WINDOWS (feca438b9c405bb830cd7eacbb50c208)] -> id: Email]
2022-12-18 22:03:55 INFO  LoginPage :55 - enter Password [[ChromeDriver: chrome on WINDOWS (feca438b9c405bb830cd7eacbb50c208)] -> name: Password]
2022-12-18 22:03:55 INFO  LoginPage :60 - click On LoginButton [[ChromeDriver: chrome on WINDOWS (feca438b9c405bb830cd7eacbb50c208)] -> xpath: //button[contains(text(),'Log in')]]
2022-12-18 22:03:59 INFO  HomePage :61 - click On RegisterLink [[ChromeDriver: chrome on WINDOWS (2d1d7a69cd55876e9c93d6a2cfba04b8)] -> link text: Register]
2022-12-18 22:04:00 INFO  RegisterPage :83 - get Register Text [[ChromeDriver: chrome on WINDOWS (2d1d7a69cd55876e9c93d6a2cfba04b8)] -> css selector: div[class='page-title'] h1]
2022-12-18 22:04:03 INFO  HomePage :61 - click On RegisterLink [[ChromeDriver: chrome on WINDOWS (9e3132f9ef077d7ffe58c73de100277f)] -> link text: Register]
2022-12-18 22:04:03 INFO  RegisterPage :135 - click On RegisterButton [[ChromeDriver: chrome on WINDOWS (9e3132f9ef077d7ffe58c73de100277f)] -> css selector: #register-button]
2022-12-18 22:04:03 INFO  RegisterPage :143 - get Validation ErrorMessageForField [[[ChromeDriver: chrome on WINDOWS (9e3132f9ef077d7ffe58c73de100277f)] -> class name: field-validation-error], [[ChromeDriver: chrome on WINDOWS (9e3132f9ef077d7ffe58c73de100277f)] -> class name: field-validation-error], [[ChromeDriver: chrome on WINDOWS (9e3132f9ef077d7ffe58c73de100277f)] -> class name: field-validation-error], [[ChromeDriver: chrome on WINDOWS (9e3132f9ef077d7ffe58c73de100277f)] -> class name: field-validation-error], [[ChromeDriver: chrome on WINDOWS (9e3132f9ef077d7ffe58c73de100277f)] -> class name: field-validation-error]]
2022-12-18 22:04:03 INFO  RegisterPage :143 - get Validation ErrorMessageForField [[[ChromeDriver: chrome on WINDOWS (9e3132f9ef077d7ffe58c73de100277f)] -> class name: field-validation-error], [[ChromeDriver: chrome on WINDOWS (9e3132f9ef077d7ffe58c73de100277f)] -> class name: field-validation-error], [[ChromeDriver: chrome on WINDOWS (9e3132f9ef077d7ffe58c73de100277f)] -> class name: field-validation-error], [[ChromeDriver: chrome on WINDOWS (9e3132f9ef077d7ffe58c73de100277f)] -> class name: field-validation-error], [[ChromeDriver: chrome on WINDOWS (9e3132f9ef077d7ffe58c73de100277f)] -> class name: field-validation-error]]
2022-12-18 22:04:03 INFO  RegisterPage :143 - get Validation ErrorMessageForField [[[ChromeDriver: chrome on WINDOWS (9e3132f9ef077d7ffe58c73de100277f)] -> class name: field-validation-error], [[ChromeDriver: chrome on WINDOWS (9e3132f9ef077d7ffe58c73de100277f)] -> class name: field-validation-error], [[ChromeDriver: chrome on WINDOWS (9e3132f9ef077d7ffe58c73de100277f)] -> class name: field-validation-error], [[ChromeDriver: chrome on WINDOWS (9e3132f9ef077d7ffe58c73de100277f)] -> class name: field-validation-error], [[ChromeDriver: chrome on WINDOWS (9e3132f9ef077d7ffe58c73de100277f)] -> class name: field-validation-error]]
2022-12-18 22:04:04 INFO  RegisterPage :143 - get Validation ErrorMessageForField [[[ChromeDriver: chrome on WINDOWS (9e3132f9ef077d7ffe58c73de100277f)] -> class name: field-validation-error], [[ChromeDriver: chrome on WINDOWS (9e3132f9ef077d7ffe58c73de100277f)] -> class name: field-validation-error], [[ChromeDriver: chrome on WINDOWS (9e3132f9ef077d7ffe58c73de100277f)] -> class name: field-validation-error], [[ChromeDriver: chrome on WINDOWS (9e3132f9ef077d7ffe58c73de100277f)] -> class name: field-validation-error], [[ChromeDriver: chrome on WINDOWS (9e3132f9ef077d7ffe58c73de100277f)] -> class name: field-validation-error]]
2022-12-18 22:04:04 INFO  RegisterPage :143 - get Validation ErrorMessageForField [[[ChromeDriver: chrome on WINDOWS (9e3132f9ef077d7ffe58c73de100277f)] -> class name: field-validation-error], [[ChromeDriver: chrome on WINDOWS (9e3132f9ef077d7ffe58c73de100277f)] -> class name: field-validation-error], [[ChromeDriver: chrome on WINDOWS (9e3132f9ef077d7ffe58c73de100277f)] -> class name: field-validation-error], [[ChromeDriver: chrome on WINDOWS (9e3132f9ef077d7ffe58c73de100277f)] -> class name: field-validation-error], [[ChromeDriver: chrome on WINDOWS (9e3132f9ef077d7ffe58c73de100277f)] -> class name: field-validation-error]]
2022-12-18 22:04:08 INFO  HomePage :61 - click On RegisterLink [[ChromeDriver: chrome on WINDOWS (ad993085469bdade4e972dbdd060daeb)] -> link text: Register]
2022-12-18 22:04:08 INFO  RegisterPage :91 - Select Gender [[ChromeDriver: chrome on WINDOWS (ad993085469bdade4e972dbdd060daeb)] -> xpath: //div[@id='gender']//label]
2022-12-18 22:04:08 INFO  RegisterPage :99 - Enter FirstName [[ChromeDriver: chrome on WINDOWS (ad993085469bdade4e972dbdd060daeb)] -> id: FirstName]
2022-12-18 22:04:09 INFO  RegisterPage :105 - Enter LastName [[ChromeDriver: chrome on WINDOWS (ad993085469bdade4e972dbdd060daeb)] -> id: LastName]
2022-12-18 22:04:09 INFO  RegisterPage :113 - select DateOfBirth [[ChromeDriver: chrome on WINDOWS (ad993085469bdade4e972dbdd060daeb)] -> name: DateOfBirthDay]
2022-12-18 22:04:09 INFO  LoginPage :49 - enter EmailId [[ChromeDriver: chrome on WINDOWS (ad993085469bdade4e972dbdd060daeb)] -> id: Email]
2022-12-18 22:04:09 INFO  RegisterPage :124 - Enter Password [[ChromeDriver: chrome on WINDOWS (ad993085469bdade4e972dbdd060daeb)] -> id: Password]
2022-12-18 22:04:09 INFO  RegisterPage :130 - enter Confirm Password [[ChromeDriver: chrome on WINDOWS (ad993085469bdade4e972dbdd060daeb)] -> id: ConfirmPassword]
2022-12-18 22:04:09 INFO  RegisterPage :135 - click On RegisterButton [[ChromeDriver: chrome on WINDOWS (ad993085469bdade4e972dbdd060daeb)] -> css selector: #register-button]
2022-12-18 22:05:39 INFO  HomePage :91 - click On MenuTab [[ChromeDriver: chrome on WINDOWS (d688844a03d34ba940316fee37fc319c)] -> xpath: //div[@class='header-menu']/child::ul[1]/li/a]
2022-12-18 22:05:40 INFO  ComputerPage :42 - click On SubMenu [[ChromeDriver: chrome on WINDOWS (d688844a03d34ba940316fee37fc319c)] -> xpath: //div[@class='category-grid sub-category-grid']//h2/a]
2022-12-18 22:05:40 INFO  DesktopsPage :44 - Get PageTitle Text [[ChromeDriver: chrome on WINDOWS (d688844a03d34ba940316fee37fc319c)] -> css selector: div[class='page-title'] h1]
2022-12-18 22:05:44 INFO  HomePage :50 - click On LoginLink [[ChromeDriver: chrome on WINDOWS (fe71f2a8be4366a33e85355e97a925c0)] -> link text: Log in]
2022-12-18 22:05:44 INFO  LoginPage :49 - enter EmailId [[ChromeDriver: chrome on WINDOWS (fe71f2a8be4366a33e85355e97a925c0)] -> id: Email]
2022-12-18 22:05:44 INFO  LoginPage :55 - enter Password [[ChromeDriver: chrome on WINDOWS (fe71f2a8be4366a33e85355e97a925c0)] -> name: Password]
2022-12-18 22:05:44 INFO  LoginPage :60 - click On LoginButton [[ChromeDriver: chrome on WINDOWS (fe71f2a8be4366a33e85355e97a925c0)] -> xpath: //button[contains(text(),'Log in')]]
2022-12-18 22:05:48 INFO  HomePage :61 - click On RegisterLink [[ChromeDriver: chrome on WINDOWS (79be3e058decee87f7e900bbe5e243b3)] -> link text: Register]
2022-12-18 22:05:49 INFO  RegisterPage :135 - click On RegisterButton [[ChromeDriver: chrome on WINDOWS (79be3e058decee87f7e900bbe5e243b3)] -> css selector: #register-button]
2022-12-18 22:05:49 INFO  RegisterPage :143 - get Validation ErrorMessageForField [[[ChromeDriver: chrome on WINDOWS (79be3e058decee87f7e900bbe5e243b3)] -> class name: field-validation-error], [[ChromeDriver: chrome on WINDOWS (79be3e058decee87f7e900bbe5e243b3)] -> class name: field-validation-error], [[ChromeDriver: chrome on WINDOWS (79be3e058decee87f7e900bbe5e243b3)] -> class name: field-validation-error], [[ChromeDriver: chrome on WINDOWS (79be3e058decee87f7e900bbe5e243b3)] -> class name: field-validation-error], [[ChromeDriver: chrome on WINDOWS (79be3e058decee87f7e900bbe5e243b3)] -> class name: field-validation-error]]
2022-12-18 22:05:49 INFO  RegisterPage :143 - get Validation ErrorMessageForField [[[ChromeDriver: chrome on WINDOWS (79be3e058decee87f7e900bbe5e243b3)] -> class name: field-validation-error], [[ChromeDriver: chrome on WINDOWS (79be3e058decee87f7e900bbe5e243b3)] -> class name: field-validation-error], [[ChromeDriver: chrome on WINDOWS (79be3e058decee87f7e900bbe5e243b3)] -> class name: field-validation-error], [[ChromeDriver: chrome on WINDOWS (79be3e058decee87f7e900bbe5e243b3)] -> class name: field-validation-error], [[ChromeDriver: chrome on WINDOWS (79be3e058decee87f7e900bbe5e243b3)] -> class name: field-validation-error]]
2022-12-18 22:05:49 INFO  RegisterPage :143 - get Validation ErrorMessageForField [[[ChromeDriver: chrome on WINDOWS (79be3e058decee87f7e900bbe5e243b3)] -> class name: field-validation-error], [[ChromeDriver: chrome on WINDOWS (79be3e058decee87f7e900bbe5e243b3)] -> class name: field-validation-error], [[ChromeDriver: chrome on WINDOWS (79be3e058decee87f7e900bbe5e243b3)] -> class name: field-validation-error], [[ChromeDriver: chrome on WINDOWS (79be3e058decee87f7e900bbe5e243b3)] -> class name: field-validation-error], [[ChromeDriver: chrome on WINDOWS (79be3e058decee87f7e900bbe5e243b3)] -> class name: field-validation-error]]
2022-12-18 22:05:49 INFO  RegisterPage :143 - get Validation ErrorMessageForField [[[ChromeDriver: chrome on WINDOWS (79be3e058decee87f7e900bbe5e243b3)] -> class name: field-validation-error], [[ChromeDriver: chrome on WINDOWS (79be3e058decee87f7e900bbe5e243b3)] -> class name: field-validation-error], [[ChromeDriver: chrome on WINDOWS (79be3e058decee87f7e900bbe5e243b3)] -> class name: field-validation-error], [[ChromeDriver: chrome on WINDOWS (79be3e058decee87f7e900bbe5e243b3)] -> class name: field-validation-error], [[ChromeDriver: chrome on WINDOWS (79be3e058decee87f7e900bbe5e243b3)] -> class name: field-validation-error]]
2022-12-18 22:05:49 INFO  RegisterPage :143 - get Validation ErrorMessageForField [[[ChromeDriver: chrome on WINDOWS (79be3e058decee87f7e900bbe5e243b3)] -> class name: field-validation-error], [[ChromeDriver: chrome on WINDOWS (79be3e058decee87f7e900bbe5e243b3)] -> class name: field-validation-error], [[ChromeDriver: chrome on WINDOWS (79be3e058decee87f7e900bbe5e243b3)] -> class name: field-validation-error], [[ChromeDriver: chrome on WINDOWS (79be3e058decee87f7e900bbe5e243b3)] -> class name: field-validation-error], [[ChromeDriver: chrome on WINDOWS (79be3e058decee87f7e900bbe5e243b3)] -> class name: field-validation-error]]
2022-12-18 22:07:59 INFO  HomePage :91 - click On MenuTab [[ChromeDriver: chrome on WINDOWS (2681648cd8772fd93b44ab8ab44fca0d)] -> xpath: //div[@class='header-menu']/child::ul[1]/li/a]
2022-12-18 22:07:59 INFO  ComputerPage :34 - Get PageTitle Text[[ChromeDriver: chrome on WINDOWS (2681648cd8772fd93b44ab8ab44fca0d)] -> css selector: div[class='page-title'] h1]
2022-12-18 22:08:03 INFO  HomePage :50 - click On LoginLink [[ChromeDriver: chrome on WINDOWS (d11d6f34d26d4480efb07f914d18f51a)] -> link text: Log in]
2022-12-18 22:08:03 INFO  LoginPage :43 - get WelcomeText [[ChromeDriver: chrome on WINDOWS (d11d6f34d26d4480efb07f914d18f51a)] -> xpath: //h1[contains(text(),'Welcome, Please Sign In!')]]
2022-12-18 22:08:08 INFO  HomePage :61 - click On RegisterLink [[ChromeDriver: chrome on WINDOWS (12a80b69fd81fe680a895a76415cf3a3)] -> link text: Register]
2022-12-18 22:08:08 INFO  RegisterPage :83 - get Register Text [[ChromeDriver: chrome on WINDOWS (12a80b69fd81fe680a895a76415cf3a3)] -> css selector: div[class='page-title'] h1]
